This file contains any messages produced by compilers while
running configure, to aid debugging if configure makes a mistake.

It was created by liblo configure 0.28, which was
generated by GNU Autoconf 2.69.  Invocation command line was

  $ ./configure --enable-maintainer-mode --enable-debug --disable-silent-rules

## --------- ##
## Platform. ##
## --------- ##

hostname = OdroidX2_2
uname -m = armv7l
uname -r = 3.8.13.30-2-ARCH
uname -s = Linux
uname -v = #2 SMP PREEMPT Mon Oct 5 02:03:13 MDT 2015

/usr/bin/uname -p = unknown
/bin/uname -X     = unknown

/bin/arch              = unknown
/usr/bin/arch -k       = unknown
/usr/convex/getsysinfo = unknown
/usr/bin/hostinfo      = unknown
/bin/machine           = unknown
/usr/bin/oslevel       = unknown
/bin/universe          = unknown

PATH: /usr/local/sbin
PATH: /usr/local/bin
PATH: /usr/bin
PATH: /usr/bin/site_perl
PATH: /usr/bin/vendor_perl
PATH: /usr/bin/core_perl
PATH: .
PATH: /usr/local/include
PATH: /usr/local/man/man5
PATH: /sbin
PATH: /usr/local/lib
PATH: /bin
PATH: /usr/bin
PATH: /usr/sbin
PATH: /usr/lib
PATH: /usr/local/bin
PATH: /usr/local/lib
PATH: /usr/local/share
PATH: /opt/bin
PATH: /opt/local/lib
PATH: /opt
PATH: /opt/local/bin
PATH: /root/RTcmix-all-080513/bin
PATH: /root/Scripts
PATH: /usr/bin
PATH: /usr/local/bin
PATH: /opt


## ----------- ##
## Core tests. ##
## ----------- ##

configure:2504: checking for a BSD-compatible install
configure:2572: result: /usr/bin/install -c
configure:2583: checking whether build environment is sane
configure:2638: result: yes
configure:2789: checking for a thread-safe mkdir -p
configure:2828: result: /usr/bin/mkdir -p
configure:2835: checking for gawk
configure:2851: found /usr/bin/gawk
configure:2862: result: gawk
configure:2873: checking whether make sets $(MAKE)
configure:2895: result: yes
configure:2924: checking whether make supports nested variables
configure:2941: result: yes
configure:3068: checking whether to enable maintainer-specific portions of Makefiles
configure:3077: result: yes
configure:3101: checking whether make supports nested variables
configure:3118: result: yes
configure:3264: checking for gcc
configure:3280: found /usr/bin/gcc
configure:3291: result: gcc
configure:3520: checking for C compiler version
configure:3529: gcc --version >&5
gcc (GCC) 5.3.0
Copyright (C) 2015 Free Software Foundation, Inc.
This is free software; see the source for copying conditions.  There is NO
warranty; not even for MERCHANTABILITY or FITNESS FOR A PARTICULAR PURPOSE.

configure:3540: $? = 0
configure:3529: gcc -v >&5
Using built-in specs.
COLLECT_GCC=gcc
COLLECT_LTO_WRAPPER=/usr/lib/gcc/armv7l-unknown-linux-gnueabihf/5.3.0/lto-wrapper
Target: armv7l-unknown-linux-gnueabihf
Configured with: /build/gcc/src/gcc-5.3.0/configure --prefix=/usr --libdir=/usr/lib --libexecdir=/usr/lib --mandir=/usr/share/man --infodir=/usr/share/info --with-bugurl=https://github.com/archlinuxarm/PKGBUILDs/issues --enable-languages=c,c++,fortran,go,lto,objc,obj-c++ --enable-shared --enable-threads=posix --with-system-zlib --with-isl --enable-__cxa_atexit --disable-libunwind-exceptions --enable-clocale=gnu --disable-libstdcxx-pch --disable-libssp --enable-gnu-unique-object --enable-linker-build-id --enable-lto --enable-plugin --enable-install-libiberty --with-linker-hash-style=gnu --enable-gnu-indirect-function --disable-multilib --disable-werror --enable-checking=release --host=armv7l-unknown-linux-gnueabihf --build=armv7l-unknown-linux-gnueabihf --with-arch=armv7-a --with-float=hard --with-fpu=vfpv3-d16
Thread model: posix
gcc version 5.3.0 (GCC) 
configure:3540: $? = 0
configure:3529: gcc -V >&5
gcc: error: unrecognized command line option '-V'
gcc: fatal error: no input files
compilation terminated.
configure:3540: $? = 1
configure:3529: gcc -qversion >&5
gcc: error: unrecognized command line option '-qversion'
gcc: fatal error: no input files
compilation terminated.
configure:3540: $? = 1
configure:3560: checking whether the C compiler works
configure:3582: gcc    conftest.c  >&5
configure:3586: $? = 0
configure:3634: result: yes
configure:3637: checking for C compiler default output file name
configure:3639: result: a.out
configure:3645: checking for suffix of executables
configure:3652: gcc -o conftest    conftest.c  >&5
configure:3656: $? = 0
configure:3678: result: 
configure:3700: checking whether we are cross compiling
configure:3708: gcc -o conftest    conftest.c  >&5
configure:3712: $? = 0
configure:3719: ./conftest
configure:3723: $? = 0
configure:3738: result: no
configure:3743: checking for suffix of object files
configure:3765: gcc -c   conftest.c >&5
configure:3769: $? = 0
configure:3790: result: o
configure:3794: checking whether we are using the GNU C compiler
configure:3813: gcc -c   conftest.c >&5
configure:3813: $? = 0
configure:3822: result: yes
configure:3831: checking whether gcc accepts -g
configure:3851: gcc -c -g  conftest.c >&5
configure:3851: $? = 0
configure:3892: result: yes
configure:3909: checking for gcc option to accept ISO C89
configure:3972: gcc  -c -g -O2  conftest.c >&5
configure:3972: $? = 0
configure:3985: result: none needed
configure:4010: checking whether gcc understands -c and -o together
configure:4032: gcc -c conftest.c -o conftest2.o
configure:4035: $? = 0
configure:4032: gcc -c conftest.c -o conftest2.o
configure:4035: $? = 0
configure:4047: result: yes
configure:4075: checking for style of include used by make
configure:4103: result: GNU
configure:4129: checking dependency style of gcc
configure:4240: result: gcc3
configure:4259: checking build system type
configure:4273: result: armv7l-unknown-linux-gnueabihf
configure:4293: checking host system type
configure:4306: result: armv7l-unknown-linux-gnueabihf
configure:4675: checking how to print strings
configure:4702: result: printf
configure:4723: checking for a sed that does not truncate output
configure:4787: result: /usr/bin/sed
configure:4805: checking for grep that handles long lines and -e
configure:4863: result: /usr/bin/grep
configure:4868: checking for egrep
configure:4930: result: /usr/bin/grep -E
configure:4935: checking for fgrep
configure:4997: result: /usr/bin/grep -F
configure:5032: checking for ld used by gcc
configure:5099: result: /usr/bin/ld
configure:5106: checking if the linker (/usr/bin/ld) is GNU ld
configure:5121: result: yes
configure:5133: checking for BSD- or MS-compatible name lister (nm)
configure:5187: result: /usr/bin/nm -B
configure:5317: checking the name lister (/usr/bin/nm -B) interface
configure:5324: gcc -c -g -O2  conftest.c >&5
configure:5327: /usr/bin/nm -B "conftest.o"
configure:5330: output
00000000 B some_variable
configure:5337: result: BSD nm
configure:5340: checking whether ln -s works
configure:5344: result: yes
configure:5352: checking the maximum length of command line arguments
configure:5483: result: 1572864
configure:5531: checking how to convert armv7l-unknown-linux-gnueabihf file names to armv7l-unknown-linux-gnueabihf format
configure:5571: result: func_convert_file_noop
configure:5578: checking how to convert armv7l-unknown-linux-gnueabihf file names to toolchain format
configure:5598: result: func_convert_file_noop
configure:5605: checking for /usr/bin/ld option to reload object files
configure:5612: result: -r
configure:5686: checking for objdump
configure:5713: result: objdump
configure:5742: checking how to recognize dependent libraries
configure:5942: result: pass_all
configure:6027: checking for dlltool
configure:6054: result: dlltool
configure:6084: checking how to associate runtime and link libraries
configure:6111: result: printf %s\n
configure:6172: checking for ar
configure:6188: found /usr/bin/ar
configure:6199: result: ar
configure:6236: checking for archiver @FILE support
configure:6253: gcc -c -g -O2  conftest.c >&5
configure:6253: $? = 0
configure:6256: ar cru libconftest.a @conftest.lst >&5
ar: `u' modifier ignored since `D' is the default (see `U')
configure:6259: $? = 0
configure:6264: ar cru libconftest.a @conftest.lst >&5
ar: `u' modifier ignored since `D' is the default (see `U')
ar: conftest.o: No such file or directory
configure:6267: $? = 1
configure:6279: result: @
configure:6337: checking for strip
configure:6353: found /usr/bin/strip
configure:6364: result: strip
configure:6436: checking for ranlib
configure:6452: found /usr/bin/ranlib
configure:6463: result: ranlib
configure:6565: checking command to parse /usr/bin/nm -B output from gcc object
configure:6718: gcc -c -g -O2  conftest.c >&5
configure:6721: $? = 0
configure:6725: /usr/bin/nm -B conftest.o \| sed -n -e 's/^.*[ ]\([ABCDGIRSTW][ABCDGIRSTW]*\)[ ][ ]*\([_A-Za-z][_A-Za-z0-9]*\)$/\1 \2 \2/p' | sed '/ __gnu_lto/d' \> conftest.nm
configure:6728: $? = 0
configure:6794: gcc -o conftest -g -O2   conftest.c conftstm.o >&5
configure:6797: $? = 0
configure:6835: result: ok
configure:6882: checking for sysroot
configure:6912: result: no
configure:6919: checking for a working dd
configure:6957: result: /usr/bin/dd
configure:6961: checking how to truncate binary pipes
configure:6976: result: /usr/bin/dd bs=4096 count=1
configure:7305: checking for mt
configure:7335: result: no
configure:7355: checking if : is a manifest tool
configure:7361: : '-?'
configure:7369: result: no
configure:8046: checking how to run the C preprocessor
configure:8077: gcc -E  conftest.c
configure:8077: $? = 0
configure:8091: gcc -E  conftest.c
conftest.c:12:28: fatal error: ac_nonexistent.h: No such file or directory
compilation terminated.
configure:8091: $? = 1
configure: failed program was:
| /* confdefs.h */
| #define PACKAGE_NAME "liblo"
| #define PACKAGE_TARNAME "liblo"
| #define PACKAGE_VERSION "0.28"
| #define PACKAGE_STRING "liblo 0.28"
| #define PACKAGE_BUGREPORT "liblo-devel@lists.sourceforge.net"
| #define PACKAGE_URL ""
| #define PACKAGE "liblo"
| #define VERSION "0.28"
| #define LO_SO_VERSION {9, 0, 2}
| /* end confdefs.h.  */
| #include <ac_nonexistent.h>
configure:8116: result: gcc -E
configure:8136: gcc -E  conftest.c
configure:8136: $? = 0
configure:8150: gcc -E  conftest.c
conftest.c:12:28: fatal error: ac_nonexistent.h: No such file or directory
compilation terminated.
configure:8150: $? = 1
configure: failed program was:
| /* confdefs.h */
| #define PACKAGE_NAME "liblo"
| #define PACKAGE_TARNAME "liblo"
| #define PACKAGE_VERSION "0.28"
| #define PACKAGE_STRING "liblo 0.28"
| #define PACKAGE_BUGREPORT "liblo-devel@lists.sourceforge.net"
| #define PACKAGE_URL ""
| #define PACKAGE "liblo"
| #define VERSION "0.28"
| #define LO_SO_VERSION {9, 0, 2}
| /* end confdefs.h.  */
| #include <ac_nonexistent.h>
configure:8179: checking for ANSI C header files
configure:8199: gcc -c -g -O2  conftest.c >&5
configure:8199: $? = 0
configure:8272: gcc -o conftest -g -O2   conftest.c  >&5
configure:8272: $? = 0
configure:8272: ./conftest
configure:8272: $? = 0
configure:8283: result: yes
configure:8296: checking for sys/types.h
configure:8296: gcc -c -g -O2  conftest.c >&5
configure:8296: $? = 0
configure:8296: result: yes
configure:8296: checking for sys/stat.h
configure:8296: gcc -c -g -O2  conftest.c >&5
configure:8296: $? = 0
configure:8296: result: yes
configure:8296: checking for stdlib.h
configure:8296: gcc -c -g -O2  conftest.c >&5
configure:8296: $? = 0
configure:8296: result: yes
configure:8296: checking for string.h
configure:8296: gcc -c -g -O2  conftest.c >&5
configure:8296: $? = 0
configure:8296: result: yes
configure:8296: checking for memory.h
configure:8296: gcc -c -g -O2  conftest.c >&5
configure:8296: $? = 0
configure:8296: result: yes
configure:8296: checking for strings.h
configure:8296: gcc -c -g -O2  conftest.c >&5
configure:8296: $? = 0
configure:8296: result: yes
configure:8296: checking for inttypes.h
configure:8296: gcc -c -g -O2  conftest.c >&5
configure:8296: $? = 0
configure:8296: result: yes
configure:8296: checking for stdint.h
configure:8296: gcc -c -g -O2  conftest.c >&5
configure:8296: $? = 0
configure:8296: result: yes
configure:8296: checking for unistd.h
configure:8296: gcc -c -g -O2  conftest.c >&5
configure:8296: $? = 0
configure:8296: result: yes
configure:8310: checking for dlfcn.h
configure:8310: gcc -c -g -O2  conftest.c >&5
configure:8310: $? = 0
configure:8310: result: yes
configure:8504: checking for objdir
configure:8519: result: .libs
configure:8783: checking if gcc supports -fno-rtti -fno-exceptions
configure:8801: gcc -c -g -O2  -fno-rtti -fno-exceptions conftest.c >&5
cc1: warning: command line option '-fno-rtti' is valid for C++/ObjC++ but not for C
configure:8805: $? = 0
configure:8818: result: no
configure:9176: checking for gcc option to produce PIC
configure:9183: result: -fPIC -DPIC
configure:9191: checking if gcc PIC flag -fPIC -DPIC works
configure:9209: gcc -c -g -O2  -fPIC -DPIC -DPIC conftest.c >&5
configure:9213: $? = 0
configure:9226: result: yes
configure:9255: checking if gcc static flag -static works
configure:9283: result: yes
configure:9298: checking if gcc supports -c -o file.o
configure:9319: gcc -c -g -O2  -o out/conftest2.o conftest.c >&5
configure:9323: $? = 0
configure:9345: result: yes
configure:9353: checking if gcc supports -c -o file.o
configure:9400: result: yes
configure:9433: checking whether the gcc linker (/usr/bin/ld) supports shared libraries
configure:10692: result: yes
configure:10729: checking whether -lc should be explicitly linked in
configure:10737: gcc -c -g -O2  conftest.c >&5
configure:10740: $? = 0
configure:10755: gcc -shared  -fPIC -DPIC conftest.o  -v -Wl,-soname -Wl,conftest -o conftest 2\>\&1 \| /usr/bin/grep  -lc  \>/dev/null 2\>\&1
configure:10758: $? = 0
configure:10772: result: no
configure:10932: checking dynamic linker characteristics
configure:11513: gcc -o conftest -g -O2   -Wl,-rpath -Wl,/foo conftest.c  >&5
configure:11513: $? = 0
configure:11750: result: GNU/Linux ld.so
configure:11872: checking how to hardcode library paths into programs
configure:11897: result: immediate
configure:12445: checking whether stripping libraries is possible
configure:12450: result: yes
configure:12485: checking if libtool supports shared libraries
configure:12487: result: yes
configure:12490: checking whether to build shared libraries
configure:12515: result: yes
configure:12518: checking whether to build static libraries
configure:12522: result: no
configure:12562: checking for doxygen
configure:12592: result: no
configure:12601: checking whether to add -Qunused-arguments (C)
configure:12616: gcc -c -g -O2 -Qunused-arguments  conftest.c >&5
gcc: error: unrecognized command line option '-Qunused-arguments'
configure:12616: $? = 1
configure: failed program was:
| /* confdefs.h */
| #define PACKAGE_NAME "liblo"
| #define PACKAGE_TARNAME "liblo"
| #define PACKAGE_VERSION "0.28"
| #define PACKAGE_STRING "liblo 0.28"
| #define PACKAGE_BUGREPORT "liblo-devel@lists.sourceforge.net"
| #define PACKAGE_URL ""
| #define PACKAGE "liblo"
| #define VERSION "0.28"
| #define LO_SO_VERSION {9, 0, 2}
| #define STDC_HEADERS 1
| #define HAVE_SYS_TYPES_H 1
| #define HAVE_SYS_STAT_H 1
| #define HAVE_STDLIB_H 1
| #define HAVE_STRING_H 1
| #define HAVE_MEMORY_H 1
| #define HAVE_STRINGS_H 1
| #define HAVE_INTTYPES_H 1
| #define HAVE_STDINT_H 1
| #define HAVE_UNISTD_H 1
| #define HAVE_DLFCN_H 1
| #define LT_OBJDIR ".libs/"
| /* end confdefs.h.  */
| 
| int
| main ()
| {
| 
|   ;
|   return 0;
| }
configure:12620: result: no
configure:12629: checking how to print long long int
configure:12644: gcc -c -g -O2 -Werror -Wall  conftest.c >&5
configure:12644: $? = 0
configure:12666: result: "ll"
configure:12734: checking for g++
configure:12750: found /usr/bin/g++
configure:12761: result: g++
configure:12788: checking for C++ compiler version
configure:12797: g++ --version >&5
g++ (GCC) 5.3.0
Copyright (C) 2015 Free Software Foundation, Inc.
This is free software; see the source for copying conditions.  There is NO
warranty; not even for MERCHANTABILITY or FITNESS FOR A PARTICULAR PURPOSE.

configure:12808: $? = 0
configure:12797: g++ -v >&5
Using built-in specs.
COLLECT_GCC=g++
COLLECT_LTO_WRAPPER=/usr/lib/gcc/armv7l-unknown-linux-gnueabihf/5.3.0/lto-wrapper
Target: armv7l-unknown-linux-gnueabihf
Configured with: /build/gcc/src/gcc-5.3.0/configure --prefix=/usr --libdir=/usr/lib --libexecdir=/usr/lib --mandir=/usr/share/man --infodir=/usr/share/info --with-bugurl=https://github.com/archlinuxarm/PKGBUILDs/issues --enable-languages=c,c++,fortran,go,lto,objc,obj-c++ --enable-shared --enable-threads=posix --with-system-zlib --with-isl --enable-__cxa_atexit --disable-libunwind-exceptions --enable-clocale=gnu --disable-libstdcxx-pch --disable-libssp --enable-gnu-unique-object --enable-linker-build-id --enable-lto --enable-plugin --enable-install-libiberty --with-linker-hash-style=gnu --enable-gnu-indirect-function --disable-multilib --disable-werror --enable-checking=release --host=armv7l-unknown-linux-gnueabihf --build=armv7l-unknown-linux-gnueabihf --with-arch=armv7-a --with-float=hard --with-fpu=vfpv3-d16
Thread model: posix
gcc version 5.3.0 (GCC) 
configure:12808: $? = 0
configure:12797: g++ -V >&5
g++: error: unrecognized command line option '-V'
g++: fatal error: no input files
compilation terminated.
configure:12808: $? = 1
configure:12797: g++ -qversion >&5
g++: error: unrecognized command line option '-qversion'
g++: fatal error: no input files
compilation terminated.
configure:12808: $? = 1
configure:12812: checking whether we are using the GNU C++ compiler
configure:12831: g++ -c   conftest.cpp >&5
configure:12831: $? = 0
configure:12840: result: yes
configure:12849: checking whether g++ accepts -g
configure:12869: g++ -c -g  conftest.cpp >&5
configure:12869: $? = 0
configure:12910: result: yes
configure:12935: checking dependency style of g++
configure:13046: result: gcc3
configure:13079: checking how to run the C++ preprocessor
configure:13106: g++ -E  conftest.cpp
configure:13106: $? = 0
configure:13120: g++ -E  conftest.cpp
conftest.cpp:25:28: fatal error: ac_nonexistent.h: No such file or directory
compilation terminated.
configure:13120: $? = 1
configure: failed program was:
| /* confdefs.h */
| #define PACKAGE_NAME "liblo"
| #define PACKAGE_TARNAME "liblo"
| #define PACKAGE_VERSION "0.28"
| #define PACKAGE_STRING "liblo 0.28"
| #define PACKAGE_BUGREPORT "liblo-devel@lists.sourceforge.net"
| #define PACKAGE_URL ""
| #define PACKAGE "liblo"
| #define VERSION "0.28"
| #define LO_SO_VERSION {9, 0, 2}
| #define STDC_HEADERS 1
| #define HAVE_SYS_TYPES_H 1
| #define HAVE_SYS_STAT_H 1
| #define HAVE_STDLIB_H 1
| #define HAVE_STRING_H 1
| #define HAVE_MEMORY_H 1
| #define HAVE_STRINGS_H 1
| #define HAVE_INTTYPES_H 1
| #define HAVE_STDINT_H 1
| #define HAVE_UNISTD_H 1
| #define HAVE_DLFCN_H 1
| #define LT_OBJDIR ".libs/"
| #define PRINTF_LL "ll"
| /* end confdefs.h.  */
| #include <ac_nonexistent.h>
configure:13145: result: g++ -E
configure:13165: g++ -E  conftest.cpp
configure:13165: $? = 0
configure:13179: g++ -E  conftest.cpp
conftest.cpp:25:28: fatal error: ac_nonexistent.h: No such file or directory
compilation terminated.
configure:13179: $? = 1
configure: failed program was:
| /* confdefs.h */
| #define PACKAGE_NAME "liblo"
| #define PACKAGE_TARNAME "liblo"
| #define PACKAGE_VERSION "0.28"
| #define PACKAGE_STRING "liblo 0.28"
| #define PACKAGE_BUGREPORT "liblo-devel@lists.sourceforge.net"
| #define PACKAGE_URL ""
| #define PACKAGE "liblo"
| #define VERSION "0.28"
| #define LO_SO_VERSION {9, 0, 2}
| #define STDC_HEADERS 1
| #define HAVE_SYS_TYPES_H 1
| #define HAVE_SYS_STAT_H 1
| #define HAVE_STDLIB_H 1
| #define HAVE_STRING_H 1
| #define HAVE_MEMORY_H 1
| #define HAVE_STRINGS_H 1
| #define HAVE_INTTYPES_H 1
| #define HAVE_STDINT_H 1
| #define HAVE_UNISTD_H 1
| #define HAVE_DLFCN_H 1
| #define LT_OBJDIR ".libs/"
| #define PRINTF_LL "ll"
| /* end confdefs.h.  */
| #include <ac_nonexistent.h>
configure:13341: checking for ld used by g++
configure:13408: result: /usr/bin/ld
configure:13415: checking if the linker (/usr/bin/ld) is GNU ld
configure:13430: result: yes
configure:13485: checking whether the g++ linker (/usr/bin/ld) supports shared libraries
configure:14558: result: yes
configure:14594: g++ -c -g -O2  conftest.cpp >&5
configure:14597: $? = 0
configure:15078: checking for g++ option to produce PIC
configure:15085: result: -fPIC -DPIC
configure:15093: checking if g++ PIC flag -fPIC -DPIC works
configure:15111: g++ -c -g -O2  -fPIC -DPIC -DPIC conftest.cpp >&5
configure:15115: $? = 0
configure:15128: result: yes
configure:15151: checking if g++ static flag -static works
configure:15179: result: yes
configure:15191: checking if g++ supports -c -o file.o
configure:15212: g++ -c -g -O2  -o out/conftest2.o conftest.cpp >&5
configure:15216: $? = 0
configure:15238: result: yes
configure:15243: checking if g++ supports -c -o file.o
configure:15290: result: yes
configure:15320: checking whether the g++ linker (/usr/bin/ld) supports shared libraries
configure:15360: result: yes
configure:15501: checking dynamic linker characteristics
configure:16246: result: GNU/Linux ld.so
configure:16311: checking how to hardcode library paths into programs
configure:16336: result: immediate
configure:16384: checking whether C++11 lambdas are supported
configure:16398: g++ -c -g -O2 -std=c++11  conftest.cpp >&5
configure:16398: $? = 0
configure:16399: result: yes
configure:16459: checking whether to add -Qunused-arguments (C++)
configure:16474: g++ -c -g -O2 -std=c++11 -Qunused-arguments  conftest.cpp >&5
g++: error: unrecognized command line option '-Qunused-arguments'
configure:16474: $? = 1
configure: failed program was:
| /* confdefs.h */
| #define PACKAGE_NAME "liblo"
| #define PACKAGE_TARNAME "liblo"
| #define PACKAGE_VERSION "0.28"
| #define PACKAGE_STRING "liblo 0.28"
| #define PACKAGE_BUGREPORT "liblo-devel@lists.sourceforge.net"
| #define PACKAGE_URL ""
| #define PACKAGE "liblo"
| #define VERSION "0.28"
| #define LO_SO_VERSION {9, 0, 2}
| #define STDC_HEADERS 1
| #define HAVE_SYS_TYPES_H 1
| #define HAVE_SYS_STAT_H 1
| #define HAVE_STDLIB_H 1
| #define HAVE_STRING_H 1
| #define HAVE_MEMORY_H 1
| #define HAVE_STRINGS_H 1
| #define HAVE_INTTYPES_H 1
| #define HAVE_STDINT_H 1
| #define HAVE_UNISTD_H 1
| #define HAVE_DLFCN_H 1
| #define LT_OBJDIR ".libs/"
| #define PRINTF_LL "ll"
| /* end confdefs.h.  */
| 
| int
| main ()
| {
| 
|   ;
|   return 0;
| }
configure:16478: result: no
configure:16509: checking for library containing recvfrom
configure:16540: gcc -o conftest -g -O2   conftest.c  >&5
configure:16540: $? = 0
configure:16557: result: none required
configure:16565: checking for log
configure:16565: gcc -o conftest -g -O2   conftest.c  >&5
conftest.c:48:6: warning: conflicting types for built-in function 'log'
 char log ();
      ^
/tmp/ccofnAP7.o: In function `main':
/root/LEDSend-XU/liblo-0.28/conftest.c:59: undefined reference to `log'
collect2: error: ld returned 1 exit status
configure:16565: $? = 1
configure: failed program was:
| /* confdefs.h */
| #define PACKAGE_NAME "liblo"
| #define PACKAGE_TARNAME "liblo"
| #define PACKAGE_VERSION "0.28"
| #define PACKAGE_STRING "liblo 0.28"
| #define PACKAGE_BUGREPORT "liblo-devel@lists.sourceforge.net"
| #define PACKAGE_URL ""
| #define PACKAGE "liblo"
| #define VERSION "0.28"
| #define LO_SO_VERSION {9, 0, 2}
| #define STDC_HEADERS 1
| #define HAVE_SYS_TYPES_H 1
| #define HAVE_SYS_STAT_H 1
| #define HAVE_STDLIB_H 1
| #define HAVE_STRING_H 1
| #define HAVE_MEMORY_H 1
| #define HAVE_STRINGS_H 1
| #define HAVE_INTTYPES_H 1
| #define HAVE_STDINT_H 1
| #define HAVE_UNISTD_H 1
| #define HAVE_DLFCN_H 1
| #define LT_OBJDIR ".libs/"
| #define PRINTF_LL "ll"
| /* end confdefs.h.  */
| /* Define log to an innocuous variant, in case <limits.h> declares log.
|    For example, HP-UX 11i <limits.h> declares gettimeofday.  */
| #define log innocuous_log
| 
| /* System header to define __stub macros and hopefully few prototypes,
|     which can conflict with char log (); below.
|     Prefer <limits.h> to <assert.h> if __STDC__ is defined, since
|     <limits.h> exists even on freestanding compilers.  */
| 
| #ifdef __STDC__
| # include <limits.h>
| #else
| # include <assert.h>
| #endif
| 
| #undef log
| 
| /* Override any GCC internal prototype to avoid an error.
|    Use char because int might match the return type of a GCC
|    builtin and then its argument prototype would still apply.  */
| #ifdef __cplusplus
| extern "C"
| #endif
| char log ();
| /* The GNU C library defines this for functions which it implements
|     to always fail with ENOSYS.  Some functions are actually named
|     something starting with __ and the normal name is an alias.  */
| #if defined __stub_log || defined __stub___log
| choke me
| #endif
| 
| int
| main ()
| {
| return log ();
|   ;
|   return 0;
| }
configure:16565: result: no
configure:16569: checking for log in -lm
configure:16594: gcc -o conftest -g -O2   conftest.c -lm   >&5
conftest.c:32:6: warning: conflicting types for built-in function 'log'
 char log ();
      ^
configure:16594: $? = 0
configure:16603: result: yes
configure:16618: checking for getifaddrs
configure:16618: gcc -o conftest -g -O2   conftest.c -lm  >&5
configure:16618: $? = 0
configure:16618: result: yes
configure:16630: checking for library containing pthread_create
configure:16661: gcc -o conftest -g -O2   conftest.c -lm  >&5
/tmp/ccsDr2A4.o: In function `main':
/root/LEDSend-XU/liblo-0.28/conftest.c:38: undefined reference to `pthread_create'
collect2: error: ld returned 1 exit status
configure:16661: $? = 1
configure: failed program was:
| /* confdefs.h */
| #define PACKAGE_NAME "liblo"
| #define PACKAGE_TARNAME "liblo"
| #define PACKAGE_VERSION "0.28"
| #define PACKAGE_STRING "liblo 0.28"
| #define PACKAGE_BUGREPORT "liblo-devel@lists.sourceforge.net"
| #define PACKAGE_URL ""
| #define PACKAGE "liblo"
| #define VERSION "0.28"
| #define LO_SO_VERSION {9, 0, 2}
| #define STDC_HEADERS 1
| #define HAVE_SYS_TYPES_H 1
| #define HAVE_SYS_STAT_H 1
| #define HAVE_STDLIB_H 1
| #define HAVE_STRING_H 1
| #define HAVE_MEMORY_H 1
| #define HAVE_STRINGS_H 1
| #define HAVE_INTTYPES_H 1
| #define HAVE_STDINT_H 1
| #define HAVE_UNISTD_H 1
| #define HAVE_DLFCN_H 1
| #define LT_OBJDIR ".libs/"
| #define PRINTF_LL "ll"
| #define HAVE_LIBM 1
| #define HAVE_GETIFADDRS 1
| /* end confdefs.h.  */
| 
| /* Override any GCC internal prototype to avoid an error.
|    Use char because int might match the return type of a GCC
|    builtin and then its argument prototype would still apply.  */
| #ifdef __cplusplus
| extern "C"
| #endif
| char pthread_create ();
| int
| main ()
| {
| return pthread_create ();
|   ;
|   return 0;
| }
configure:16661: gcc -o conftest -g -O2   conftest.c -lc  -lm  >&5
/tmp/cc0B3dJu.o: In function `main':
/root/LEDSend-XU/liblo-0.28/conftest.c:38: undefined reference to `pthread_create'
collect2: error: ld returned 1 exit status
configure:16661: $? = 1
configure: failed program was:
| /* confdefs.h */
| #define PACKAGE_NAME "liblo"
| #define PACKAGE_TARNAME "liblo"
| #define PACKAGE_VERSION "0.28"
| #define PACKAGE_STRING "liblo 0.28"
| #define PACKAGE_BUGREPORT "liblo-devel@lists.sourceforge.net"
| #define PACKAGE_URL ""
| #define PACKAGE "liblo"
| #define VERSION "0.28"
| #define LO_SO_VERSION {9, 0, 2}
| #define STDC_HEADERS 1
| #define HAVE_SYS_TYPES_H 1
| #define HAVE_SYS_STAT_H 1
| #define HAVE_STDLIB_H 1
| #define HAVE_STRING_H 1
| #define HAVE_MEMORY_H 1
| #define HAVE_STRINGS_H 1
| #define HAVE_INTTYPES_H 1
| #define HAVE_STDINT_H 1
| #define HAVE_UNISTD_H 1
| #define HAVE_DLFCN_H 1
| #define LT_OBJDIR ".libs/"
| #define PRINTF_LL "ll"
| #define HAVE_LIBM 1
| #define HAVE_GETIFADDRS 1
| /* end confdefs.h.  */
| 
| /* Override any GCC internal prototype to avoid an error.
|    Use char because int might match the return type of a GCC
|    builtin and then its argument prototype would still apply.  */
| #ifdef __cplusplus
| extern "C"
| #endif
| char pthread_create ();
| int
| main ()
| {
| return pthread_create ();
|   ;
|   return 0;
| }
configure:16661: gcc -o conftest -g -O2   conftest.c -lpthread  -lm  >&5
configure:16661: $? = 0
configure:16678: result: -lpthread
configure:16721: checking for ANSI C header files
configure:16825: result: yes
configure:16836: checking netdb.h usability
configure:16836: gcc -c -g -O2  conftest.c >&5
configure:16836: $? = 0
configure:16836: result: yes
configure:16836: checking netdb.h presence
configure:16836: gcc -E  conftest.c
configure:16836: $? = 0
configure:16836: result: yes
configure:16836: checking for netdb.h
configure:16836: result: yes
configure:16836: checking netinet/in.h usability
configure:16836: gcc -c -g -O2  conftest.c >&5
configure:16836: $? = 0
configure:16836: result: yes
configure:16836: checking netinet/in.h presence
configure:16836: gcc -E  conftest.c
configure:16836: $? = 0
configure:16836: result: yes
configure:16836: checking for netinet/in.h
configure:16836: result: yes
configure:16836: checking for stdlib.h
configure:16836: result: yes
configure:16836: checking for string.h
configure:16836: result: yes
configure:16836: checking sys/socket.h usability
configure:16836: gcc -c -g -O2  conftest.c >&5
configure:16836: $? = 0
configure:16836: result: yes
configure:16836: checking sys/socket.h presence
configure:16836: gcc -E  conftest.c
configure:16836: $? = 0
configure:16836: result: yes
configure:16836: checking for sys/socket.h
configure:16836: result: yes
configure:16836: checking for unistd.h
configure:16836: result: yes
configure:16848: checking for an ANSI C-conforming const
configure:16914: gcc -c -g -O2  conftest.c >&5
configure:16914: $? = 0
configure:16921: result: yes
configure:16929: checking for size_t
configure:16929: gcc -c -g -O2  conftest.c >&5
configure:16929: $? = 0
configure:16929: gcc -c -g -O2  conftest.c >&5
conftest.c: In function 'main':
conftest.c:71:21: error: expected expression before ')' token
 if (sizeof ((size_t)))
                     ^
configure:16929: $? = 1
configure: failed program was:
| /* confdefs.h */
| #define PACKAGE_NAME "liblo"
| #define PACKAGE_TARNAME "liblo"
| #define PACKAGE_VERSION "0.28"
| #define PACKAGE_STRING "liblo 0.28"
| #define PACKAGE_BUGREPORT "liblo-devel@lists.sourceforge.net"
| #define PACKAGE_URL ""
| #define PACKAGE "liblo"
| #define VERSION "0.28"
| #define LO_SO_VERSION {9, 0, 2}
| #define STDC_HEADERS 1
| #define HAVE_SYS_TYPES_H 1
| #define HAVE_SYS_STAT_H 1
| #define HAVE_STDLIB_H 1
| #define HAVE_STRING_H 1
| #define HAVE_MEMORY_H 1
| #define HAVE_STRINGS_H 1
| #define HAVE_INTTYPES_H 1
| #define HAVE_STDINT_H 1
| #define HAVE_UNISTD_H 1
| #define HAVE_DLFCN_H 1
| #define LT_OBJDIR ".libs/"
| #define PRINTF_LL "ll"
| #define HAVE_LIBM 1
| #define HAVE_GETIFADDRS 1
| #define ENABLE_THREADS 1
| #define STDC_HEADERS 1
| #define HAVE_NETDB_H 1
| #define HAVE_NETINET_IN_H 1
| #define HAVE_STDLIB_H 1
| #define HAVE_STRING_H 1
| #define HAVE_SYS_SOCKET_H 1
| #define HAVE_UNISTD_H 1
| /* end confdefs.h.  */
| #include <stdio.h>
| #ifdef HAVE_SYS_TYPES_H
| # include <sys/types.h>
| #endif
| #ifdef HAVE_SYS_STAT_H
| # include <sys/stat.h>
| #endif
| #ifdef STDC_HEADERS
| # include <stdlib.h>
| # include <stddef.h>
| #else
| # ifdef HAVE_STDLIB_H
| #  include <stdlib.h>
| # endif
| #endif
| #ifdef HAVE_STRING_H
| # if !defined STDC_HEADERS && defined HAVE_MEMORY_H
| #  include <memory.h>
| # endif
| # include <string.h>
| #endif
| #ifdef HAVE_STRINGS_H
| # include <strings.h>
| #endif
| #ifdef HAVE_INTTYPES_H
| # include <inttypes.h>
| #endif
| #ifdef HAVE_STDINT_H
| # include <stdint.h>
| #endif
| #ifdef HAVE_UNISTD_H
| # include <unistd.h>
| #endif
| int
| main ()
| {
| if (sizeof ((size_t)))
| 	    return 0;
|   ;
|   return 0;
| }
configure:16929: result: yes
configure:16942: checking for select
configure:16942: gcc -o conftest -g -O2   conftest.c -lpthread -lm  >&5
configure:16942: $? = 0
configure:16942: result: yes
configure:16982: checking for poll
configure:16982: gcc -o conftest -g -O2   conftest.c -lpthread -lm  >&5
configure:16982: $? = 0
configure:16982: result: yes
configure:16989: checking for inet_pton
configure:16989: gcc -o conftest -g -O2   conftest.c -lpthread -lm  >&5
configure:16989: $? = 0
configure:16989: result: yes
configure:17021: checking whether byte ordering is bigendian
configure:17036: gcc -c -g -O2  conftest.c >&5
conftest.c:39:9: error: unknown type name 'not'
         not a universal capable compiler
         ^
conftest.c:39:15: error: expected '=', ',', ';', 'asm' or '__attribute__' before 'universal'
         not a universal capable compiler
               ^
conftest.c:39:15: error: unknown type name 'universal'
configure:17036: $? = 1
configure: failed program was:
| /* confdefs.h */
| #define PACKAGE_NAME "liblo"
| #define PACKAGE_TARNAME "liblo"
| #define PACKAGE_VERSION "0.28"
| #define PACKAGE_STRING "liblo 0.28"
| #define PACKAGE_BUGREPORT "liblo-devel@lists.sourceforge.net"
| #define PACKAGE_URL ""
| #define PACKAGE "liblo"
| #define VERSION "0.28"
| #define LO_SO_VERSION {9, 0, 2}
| #define STDC_HEADERS 1
| #define HAVE_SYS_TYPES_H 1
| #define HAVE_SYS_STAT_H 1
| #define HAVE_STDLIB_H 1
| #define HAVE_STRING_H 1
| #define HAVE_MEMORY_H 1
| #define HAVE_STRINGS_H 1
| #define HAVE_INTTYPES_H 1
| #define HAVE_STDINT_H 1
| #define HAVE_UNISTD_H 1
| #define HAVE_DLFCN_H 1
| #define LT_OBJDIR ".libs/"
| #define PRINTF_LL "ll"
| #define HAVE_LIBM 1
| #define HAVE_GETIFADDRS 1
| #define ENABLE_THREADS 1
| #define STDC_HEADERS 1
| #define HAVE_NETDB_H 1
| #define HAVE_NETINET_IN_H 1
| #define HAVE_STDLIB_H 1
| #define HAVE_STRING_H 1
| #define HAVE_SYS_SOCKET_H 1
| #define HAVE_UNISTD_H 1
| #define HAVE_SELECT 1
| #define HAVE_POLL 1
| #define HAVE_INET_PTON 1
| /* end confdefs.h.  */
| #ifndef __APPLE_CC__
| 	       not a universal capable compiler
| 	     #endif
| 	     typedef int dummy;
| 
configure:17081: gcc -c -g -O2  conftest.c >&5
configure:17081: $? = 0
configure:17099: gcc -c -g -O2  conftest.c >&5
conftest.c: In function 'main':
conftest.c:45:4: error: unknown type name 'not'
    not big endian
    ^
conftest.c:45:12: error: expected '=', ',', ';', 'asm' or '__attribute__' before 'endian'
    not big endian
            ^
configure:17099: $? = 1
configure: failed program was:
| /* confdefs.h */
| #define PACKAGE_NAME "liblo"
| #define PACKAGE_TARNAME "liblo"
| #define PACKAGE_VERSION "0.28"
| #define PACKAGE_STRING "liblo 0.28"
| #define PACKAGE_BUGREPORT "liblo-devel@lists.sourceforge.net"
| #define PACKAGE_URL ""
| #define PACKAGE "liblo"
| #define VERSION "0.28"
| #define LO_SO_VERSION {9, 0, 2}
| #define STDC_HEADERS 1
| #define HAVE_SYS_TYPES_H 1
| #define HAVE_SYS_STAT_H 1
| #define HAVE_STDLIB_H 1
| #define HAVE_STRING_H 1
| #define HAVE_MEMORY_H 1
| #define HAVE_STRINGS_H 1
| #define HAVE_INTTYPES_H 1
| #define HAVE_STDINT_H 1
| #define HAVE_UNISTD_H 1
| #define HAVE_DLFCN_H 1
| #define LT_OBJDIR ".libs/"
| #define PRINTF_LL "ll"
| #define HAVE_LIBM 1
| #define HAVE_GETIFADDRS 1
| #define ENABLE_THREADS 1
| #define STDC_HEADERS 1
| #define HAVE_NETDB_H 1
| #define HAVE_NETINET_IN_H 1
| #define HAVE_STDLIB_H 1
| #define HAVE_STRING_H 1
| #define HAVE_SYS_SOCKET_H 1
| #define HAVE_UNISTD_H 1
| #define HAVE_SELECT 1
| #define HAVE_POLL 1
| #define HAVE_INET_PTON 1
| /* end confdefs.h.  */
| #include <sys/types.h>
| 		#include <sys/param.h>
| 
| int
| main ()
| {
| #if BYTE_ORDER != BIG_ENDIAN
| 		 not big endian
| 		#endif
| 
|   ;
|   return 0;
| }
configure:17227: result: no
configure:17389: checking that generated files are newer than configure
configure:17395: result: done
configure:17443: creating ./config.status

## ---------------------- ##
## Running config.status. ##
## ---------------------- ##

This file was extended by liblo config.status 0.28, which was
generated by GNU Autoconf 2.69.  Invocation command line was

  CONFIG_FILES    = 
  CONFIG_HEADERS  = 
  CONFIG_LINKS    = 
  CONFIG_COMMANDS = 
  $ ./config.status 

on OdroidX2_2

config.status:1195: creating Makefile
config.status:1195: creating src/Makefile
config.status:1195: creating src/tools/Makefile
config.status:1195: creating src/liblo.def
config.status:1195: creating examples/Makefile
config.status:1195: creating lo/Makefile
config.status:1195: creating lo/lo.h
config.status:1195: creating lo/lo_endian.h
config.status:1195: creating liblo.pc
config.status:1195: creating doc/Makefile
config.status:1195: creating doc/reference.doxygen
config.status:1195: creating build/Makefile
config.status:1195: creating config.h
config.status:1424: executing depfiles commands
config.status:1424: executing libtool commands

## ---------------- ##
## Cache variables. ##
## ---------------- ##

ac_cv_build=armv7l-unknown-linux-gnueabihf
ac_cv_c_bigendian=no
ac_cv_c_compiler_gnu=yes
ac_cv_c_const=yes
ac_cv_cxx_compiler_gnu=yes
ac_cv_env_CCC_set=
ac_cv_env_CCC_value=
ac_cv_env_CC_set=
ac_cv_env_CC_value=
ac_cv_env_CFLAGS_set=
ac_cv_env_CFLAGS_value=
ac_cv_env_CPPFLAGS_set=
ac_cv_env_CPPFLAGS_value=
ac_cv_env_CPP_set=
ac_cv_env_CPP_value=
ac_cv_env_CXXCPP_set=
ac_cv_env_CXXCPP_value=
ac_cv_env_CXXFLAGS_set=
ac_cv_env_CXXFLAGS_value=
ac_cv_env_CXX_set=
ac_cv_env_CXX_value=
ac_cv_env_LDFLAGS_set=
ac_cv_env_LDFLAGS_value=
ac_cv_env_LIBS_set=
ac_cv_env_LIBS_value=
ac_cv_env_LT_SYS_LIBRARY_PATH_set=
ac_cv_env_LT_SYS_LIBRARY_PATH_value=
ac_cv_env_build_alias_set=
ac_cv_env_build_alias_value=
ac_cv_env_host_alias_set=
ac_cv_env_host_alias_value=
ac_cv_env_target_alias_set=
ac_cv_env_target_alias_value=
ac_cv_func_getifaddrs=yes
ac_cv_func_inet_pton=yes
ac_cv_func_log=no
ac_cv_func_poll=yes
ac_cv_func_select=yes
ac_cv_header_dlfcn_h=yes
ac_cv_header_inttypes_h=yes
ac_cv_header_memory_h=yes
ac_cv_header_netdb_h=yes
ac_cv_header_netinet_in_h=yes
ac_cv_header_stdc=yes
ac_cv_header_stdint_h=yes
ac_cv_header_stdlib_h=yes
ac_cv_header_string_h=yes
ac_cv_header_strings_h=yes
ac_cv_header_sys_socket_h=yes
ac_cv_header_sys_stat_h=yes
ac_cv_header_sys_types_h=yes
ac_cv_header_unistd_h=yes
ac_cv_host=armv7l-unknown-linux-gnueabihf
ac_cv_lib_m_log=yes
ac_cv_objext=o
ac_cv_path_EGREP='/usr/bin/grep -E'
ac_cv_path_FGREP='/usr/bin/grep -F'
ac_cv_path_GREP=/usr/bin/grep
ac_cv_path_SED=/usr/bin/sed
ac_cv_path_install='/usr/bin/install -c'
ac_cv_path_lt_DD=/usr/bin/dd
ac_cv_path_mkdir=/usr/bin/mkdir
ac_cv_prog_AWK=gawk
ac_cv_prog_CPP='gcc -E'
ac_cv_prog_CXXCPP='g++ -E'
ac_cv_prog_ac_ct_AR=ar
ac_cv_prog_ac_ct_CC=gcc
ac_cv_prog_ac_ct_CXX=g++
ac_cv_prog_ac_ct_DLLTOOL=dlltool
ac_cv_prog_ac_ct_OBJDUMP=objdump
ac_cv_prog_ac_ct_RANLIB=ranlib
ac_cv_prog_ac_ct_STRIP=strip
ac_cv_prog_cc_c89=
ac_cv_prog_cc_g=yes
ac_cv_prog_cxx_g=yes
ac_cv_prog_make_make_set=yes
ac_cv_search_pthread_create=-lpthread
ac_cv_search_recvfrom='none required'
ac_cv_type_size_t=yes
am_cv_CC_dependencies_compiler_type=gcc3
am_cv_CXX_dependencies_compiler_type=gcc3
am_cv_make_support_nested_variables=yes
am_cv_prog_cc_c_o=yes
lt_cv_ar_at_file=@
lt_cv_archive_cmds_need_lc=no
lt_cv_deplibs_check_method=pass_all
lt_cv_file_magic_cmd='$MAGIC_CMD'
lt_cv_file_magic_test_file=
lt_cv_ld_reload_flag=-r
lt_cv_nm_interface='BSD nm'
lt_cv_objdir=.libs
lt_cv_path_LD=/usr/bin/ld
lt_cv_path_LDCXX=/usr/bin/ld
lt_cv_path_NM='/usr/bin/nm -B'
lt_cv_path_mainfest_tool=no
lt_cv_prog_compiler_c_o=yes
lt_cv_prog_compiler_c_o_CXX=yes
lt_cv_prog_compiler_pic='-fPIC -DPIC'
lt_cv_prog_compiler_pic_CXX='-fPIC -DPIC'
lt_cv_prog_compiler_pic_works=yes
lt_cv_prog_compiler_pic_works_CXX=yes
lt_cv_prog_compiler_rtti_exceptions=no
lt_cv_prog_compiler_static_works=yes
lt_cv_prog_compiler_static_works_CXX=yes
lt_cv_prog_gnu_ld=yes
lt_cv_prog_gnu_ldcxx=yes
lt_cv_sharedlib_from_linklib_cmd='printf %s\n'
lt_cv_shlibpath_overrides_runpath=no
lt_cv_sys_global_symbol_pipe='sed -n -e '\''s/^.*[	 ]\([ABCDGIRSTW][ABCDGIRSTW]*\)[	 ][	 ]*\([_A-Za-z][_A-Za-z0-9]*\)$/\1 \2 \2/p'\'' | sed '\''/ __gnu_lto/d'\'''
lt_cv_sys_global_symbol_to_c_name_address='sed -n -e '\''s/^: \(.*\) .*$/  {"\1", (void *) 0},/p'\'' -e '\''s/^[ABCDGIRSTW][ABCDGIRSTW]* .* \(.*\)$/  {"\1", (void *) \&\1},/p'\'''
lt_cv_sys_global_symbol_to_c_name_address_lib_prefix='sed -n -e '\''s/^: \(.*\) .*$/  {"\1", (void *) 0},/p'\'' -e '\''s/^[ABCDGIRSTW][ABCDGIRSTW]* .* \(lib.*\)$/  {"\1", (void *) \&\1},/p'\'' -e '\''s/^[ABCDGIRSTW][ABCDGIRSTW]* .* \(.*\)$/  {"lib\1", (void *) \&\1},/p'\'''
lt_cv_sys_global_symbol_to_cdecl='sed -n -e '\''s/^T .* \(.*\)$/extern int \1();/p'\'' -e '\''s/^[ABCDGIRSTW][ABCDGIRSTW]* .* \(.*\)$/extern char \1;/p'\'''
lt_cv_sys_global_symbol_to_import=
lt_cv_sys_max_cmd_len=1572864
lt_cv_to_host_file_cmd=func_convert_file_noop
lt_cv_to_tool_file_cmd=func_convert_file_noop
lt_cv_truncate_bin='/usr/bin/dd bs=4096 count=1'

## ----------------- ##
## Output variables. ##
## ----------------- ##

ACLOCAL='${SHELL} /root/LEDSend-XU/liblo-0.28/missing aclocal-1.15'
AMDEPBACKSLASH='\'
AMDEP_FALSE='#'
AMDEP_TRUE=''
AMTAR='$${TAR-tar}'
AM_BACKSLASH='\'
AM_DEFAULT_V='$(AM_DEFAULT_VERBOSITY)'
AM_DEFAULT_VERBOSITY='1'
AM_V='$(V)'
AR='ar'
AS='as'
AUTOCONF='${SHELL} /root/LEDSend-XU/liblo-0.28/missing autoconf'
AUTOHEADER='${SHELL} /root/LEDSend-XU/liblo-0.28/missing autoheader'
AUTOMAKE='${SHELL} /root/LEDSend-XU/liblo-0.28/missing automake-1.15'
AWK='gawk'
CC='gcc'
CCDEPMODE='depmode=gcc3'
CFLAGS=' -O0 -g -Wall -Werror -DDEBUG'
CPP='gcc -E'
CPPFLAGS=''
CXX='g++'
CXXCPP='g++ -E'
CXXDEPMODE='depmode=gcc3'
CXXFLAGS=' -std=c++11 -O0 -g -Wall -Werror -DDEBUG'
CYGPATH_W='echo'
DEFS='-DHAVE_CONFIG_H'
DEFTHREADS=''
DEPDIR='.deps'
DLLTOOL='dlltool'
DLL_NAME='liblo-7.dll'
DOXYGEN=''
DSYMUTIL=''
DUMPBIN=''
ECHO_C=''
ECHO_N='-n'
ECHO_T=''
EGREP='/usr/bin/grep -E'
ENABLE_THREADS='1'
ENABLE_THREADS_FALSE='#'
ENABLE_THREADS_TRUE=''
EXEEXT=''
FGREP='/usr/bin/grep -F'
GREP='/usr/bin/grep'
HAVE_LAMBDA_FALSE='#'
HAVE_LAMBDA_TRUE=''
INSTALL_DATA='${INSTALL} -m 644'
INSTALL_PROGRAM='${INSTALL}'
INSTALL_SCRIPT='${INSTALL}'
INSTALL_STRIP_PROGRAM='$(install_sh) -c -s'
LD='/usr/bin/ld'
LDFLAGS=''
LIBOBJS=''
LIBPTHREAD='-lpthread'
LIBS='-lpthread -lm '
LIBTOOL='$(SHELL) $(top_builddir)/libtool'
LIPO=''
LN_S='ln -s'
LO_BIGENDIAN='0'
LO_SO_VERSION='9:0:2'
LTLIBOBJS=''
LT_CURRENT_MINUS_AGE='7'
LT_SYS_LIBRARY_PATH=''
MAINT=''
MAINTAINER_MODE_FALSE='#'
MAINTAINER_MODE_TRUE=''
MAKEINFO='${SHELL} /root/LEDSend-XU/liblo-0.28/missing makeinfo'
MANIFEST_TOOL=':'
MKDIR_P='/usr/bin/mkdir -p'
NM='/usr/bin/nm -B'
NMEDIT=''
OBJDUMP='objdump'
OBJEXT='o'
OTOOL64=''
OTOOL=''
PACKAGE='liblo'
PACKAGE_BUGREPORT='liblo-devel@lists.sourceforge.net'
PACKAGE_NAME='liblo'
PACKAGE_STRING='liblo 0.28'
PACKAGE_TARNAME='liblo'
PACKAGE_URL=''
PACKAGE_VERSION='0.28'
PATH_SEPARATOR=':'
RANLIB='ranlib'
SED='/usr/bin/sed'
SET_MAKE=''
SHELL='/bin/sh'
STRIP='strip'
VERSION='0.28'
WINDOWS_DLL_FALSE=''
WINDOWS_DLL_TRUE='#'
WINDOWS_FALSE=''
WINDOWS_TRUE='#'
ac_ct_AR='ar'
ac_ct_CC='gcc'
ac_ct_CXX='g++'
ac_ct_DUMPBIN=''
am__EXEEXT_FALSE=''
am__EXEEXT_TRUE='#'
am__fastdepCC_FALSE='#'
am__fastdepCC_TRUE=''
am__fastdepCXX_FALSE='#'
am__fastdepCXX_TRUE=''
am__include='include'
am__isrc=''
am__leading_dot='.'
am__nodep='_no'
am__quote=''
am__tar='$${TAR-tar} chof - "$$tardir"'
am__untar='$${TAR-tar} xf -'
bindir='${exec_prefix}/bin'
build='armv7l-unknown-linux-gnueabihf'
build_alias=''
build_cpu='armv7l'
build_os='linux-gnueabihf'
build_vendor='unknown'
datadir='${datarootdir}'
datarootdir='${prefix}/share'
docdir='${datarootdir}/doc/${PACKAGE_TARNAME}'
dvidir='${docdir}'
exec_prefix='${prefix}'
extralibs=''
host='armv7l-unknown-linux-gnueabihf'
host_alias=''
host_cpu='armv7l'
host_os='linux-gnueabihf'
host_vendor='unknown'
htmldir='${docdir}'
includedir='${prefix}/include'
infodir='${datarootdir}/info'
install_sh='${SHELL} /root/LEDSend-XU/liblo-0.28/install-sh'
libdir='${exec_prefix}/lib'
libexecdir='${exec_prefix}/libexec'
localedir='${datarootdir}/locale'
localstatedir='${prefix}/var'
mandir='${datarootdir}/man'
mkdir_p='$(MKDIR_P)'
oldincludedir='/usr/include'
pdfdir='${docdir}'
prefix='/usr/local'
program_transform_name='s,x,x,'
psdir='${docdir}'
sbindir='${exec_prefix}/sbin'
sharedstatedir='${prefix}/com'
sysconfdir='${prefix}/etc'
target_alias=''

## ----------- ##
## confdefs.h. ##
## ----------- ##

/* confdefs.h */
#define PACKAGE_NAME "liblo"
#define PACKAGE_TARNAME "liblo"
#define PACKAGE_VERSION "0.28"
#define PACKAGE_STRING "liblo 0.28"
#define PACKAGE_BUGREPORT "liblo-devel@lists.sourceforge.net"
#define PACKAGE_URL ""
#define PACKAGE "liblo"
#define VERSION "0.28"
#define LO_SO_VERSION {9, 0, 2}
#define STDC_HEADERS 1
#define HAVE_SYS_TYPES_H 1
#define HAVE_SYS_STAT_H 1
#define HAVE_STDLIB_H 1
#define HAVE_STRING_H 1
#define HAVE_MEMORY_H 1
#define HAVE_STRINGS_H 1
#define HAVE_INTTYPES_H 1
#define HAVE_STDINT_H 1
#define HAVE_UNISTD_H 1
#define HAVE_DLFCN_H 1
#define LT_OBJDIR ".libs/"
#define PRINTF_LL "ll"
#define HAVE_LIBM 1
#define HAVE_GETIFADDRS 1
#define ENABLE_THREADS 1
#define STDC_HEADERS 1
#define HAVE_NETDB_H 1
#define HAVE_NETINET_IN_H 1
#define HAVE_STDLIB_H 1
#define HAVE_STRING_H 1
#define HAVE_SYS_SOCKET_H 1
#define HAVE_UNISTD_H 1
#define HAVE_SELECT 1
#define HAVE_POLL 1
#define HAVE_INET_PTON 1
#define LO_BIGENDIAN "0"

configure: exit 0
